# JRE version: Java(TM) SE Runtime Environment (7.0_51-b13) (build 1.7.0_51-b13)
# Java VM: Java HotSpot(TM) 64-Bit Server VM (24.51-b03 mixed mode windows-amd64 compressed oops)
Heap
 PSYoungGen      total 306688K, used 52977K [0x00000000ec600000, 0x00000000fff00000, 0x0000000100000000)
  eden space 292352K, 15% used [0x00000000ec600000,0x00000000ef2bc520,0x00000000fe380000)
  from space 14336K, 50% used [0x00000000fe380000,0x00000000fea80000,0x00000000ff180000)
  to   space 13824K, 0% used [0x00000000ff180000,0x00000000ff180000,0x00000000fff00000)
 ParOldGen       total 97792K, used 47436K [0x00000000c5200000, 0x00000000cb180000, 0x00000000ec600000)
  object space 97792K, 48% used [0x00000000c5200000,0x00000000c80533e8,0x00000000cb180000)
 PSPermGen       total 36864K, used 16742K [0x00000000c0000000, 0x00000000c2400000, 0x00000000c5200000)
  object space 36864K, 45% used [0x00000000c0000000,0x00000000c1059b38,0x00000000c2400000)
GC Heap History (10 events):
Event: 12.355 GC heap before
{Heap before GC invocations=15 (full 1):
 PSYoungGen      total 190464K, used 176149K [0x00000000ec600000, 0x00000000fd900000, 0x0000000100000000)
  eden space 174080K, 100% used [0x00000000ec600000,0x00000000f7000000,0x00000000f7000000)
  from space 16384K, 12% used [0x00000000f7000000,0x00000000f72057a0,0x00000000f8000000)
  to   space 15872K, 0% used [0x00000000fc980000,0x00000000fc980000,0x00000000fd900000)
 ParOldGen       total 81408K, used 47629K [0x00000000c5200000, 0x00000000ca180000, 0x00000000ec600000)
  object space 81408K, 58% used [0x00000000c5200000,0x00000000c8083778,0x00000000ca180000)
 PSPermGen       total 32256K, used 16482K [0x00000000c0000000, 0x00000000c1f80000, 0x00000000c5200000)
  object space 32256K, 51% used [0x00000000c0000000,0x00000000c1018990,0x00000000c1f80000)
Event: 12.369 GC heap after
Heap after GC invocations=15 (full 1):
 PSYoungGen      total 264704K, used 4348K [0x00000000ec600000, 0x00000000fd780000, 0x0000000100000000)
  eden space 250368K, 0% used [0x00000000ec600000,0x00000000ec600000,0x00000000fba80000)
  from space 14336K, 30% used [0x00000000fc980000,0x00000000fcdbf180,0x00000000fd780000)
  to   space 14848K, 0% used [0x00000000fba80000,0x00000000fba80000,0x00000000fc900000)
 ParOldGen       total 81408K, used 49397K [0x00000000c5200000, 0x00000000ca180000, 0x00000000ec600000)
  object space 81408K, 60% used [0x00000000c5200000,0x00000000c823d778,0x00000000ca180000)
 PSPermGen       total 32256K, used 16482K [0x00000000c0000000, 0x00000000c1f80000, 0x00000000c5200000)
  object space 32256K, 51% used [0x00000000c0000000,0x00000000c1018990,0x00000000c1f80000)
}
Event: 12.709 GC heap before
{Heap before GC invocations=16 (full 1):
 PSYoungGen      total 264704K, used 254716K [0x00000000ec600000, 0x00000000fd780000, 0x0000000100000000)
  eden space 250368K, 100% used [0x00000000ec600000,0x00000000fba80000,0x00000000fba80000)
  from space 14336K, 30% used [0x00000000fc980000,0x00000000fcdbf180,0x00000000fd780000)
  to   space 14848K, 0% used [0x00000000fba80000,0x00000000fba80000,0x00000000fc900000)
 ParOldGen       total 81408K, used 49397K [0x00000000c5200000, 0x00000000ca180000, 0x00000000ec600000)
  object space 81408K, 60% used [0x00000000c5200000,0x00000000c823d778,0x00000000ca180000)
 PSPermGen       total 32256K, used 16482K [0x00000000c0000000, 0x00000000c1f80000, 0x00000000c5200000)
  object space 32256K, 51% used [0x00000000c0000000,0x00000000c1018990,0x00000000c1f80000)
Event: 12.736 GC heap after
Heap after GC invocations=16 (full 1):
 PSYoungGen      total 265216K, used 6485K [0x00000000ec600000, 0x00000000fff80000, 0x0000000100000000)
  eden space 250368K, 0% used [0x00000000ec600000,0x00000000ec600000,0x00000000fba80000)
  from space 14848K, 43% used [0x00000000fba80000,0x00000000fc0d57a0,0x00000000fc900000)
  to   space 14336K, 0% used [0x00000000ff180000,0x00000000ff180000,0x00000000fff80000)
 ParOldGen       total 81408K, used 53574K [0x00000000c5200000, 0x00000000ca180000, 0x00000000ec600000)
  object space 81408K, 65% used [0x00000000c5200000,0x00000000c8651ae0,0x00000000ca180000)
 PSPermGen       total 32256K, used 16482K [0x00000000c0000000, 0x00000000c1f80000, 0x00000000c5200000)
  object space 32256K, 51% used [0x00000000c0000000,0x00000000c1018990,0x00000000c1f80000)
}
Event: 13.049 GC heap before
{Heap before GC invocations=17 (full 1):
 PSYoungGen      total 265216K, used 256853K [0x00000000ec600000, 0x00000000fff80000, 0x0000000100000000)
  eden space 250368K, 100% used [0x00000000ec600000,0x00000000fba80000,0x00000000fba80000)
  from space 14848K, 43% used [0x00000000fba80000,0x00000000fc0d57a0,0x00000000fc900000)
  to   space 14336K, 0% used [0x00000000ff180000,0x00000000ff180000,0x00000000fff80000)
 ParOldGen       total 81408K, used 53574K [0x00000000c5200000, 0x00000000ca180000, 0x00000000ec600000)
  object space 81408K, 65% used [0x00000000c5200000,0x00000000c8651ae0,0x00000000ca180000)
 PSPermGen       total 32256K, used 16482K [0x00000000c0000000, 0x00000000c1f80000, 0x00000000c5200000)
  object space 32256K, 51% used [0x00000000c0000000,0x00000000c1018a40,0x00000000c1f80000)
Event: 13.082 GC heap after
Heap after GC invocations=17 (full 1):
 PSYoungGen      total 306688K, used 6801K [0x00000000ec600000, 0x00000000fff80000, 0x0000000100000000)
  eden space 292352K, 0% used [0x00000000ec600000,0x00000000ec600000,0x00000000fe380000)
  from space 14336K, 47% used [0x00000000ff180000,0x00000000ff824518,0x00000000fff80000)
  to   space 14336K, 0% used [0x00000000fe380000,0x00000000fe380000,0x00000000ff180000)
 ParOldGen       total 81408K, used 59750K [0x00000000c5200000, 0x00000000ca180000, 0x00000000ec600000)
  object space 81408K, 73% used [0x00000000c5200000,0x00000000c8c59ae0,0x00000000ca180000)
 PSPermGen       total 32256K, used 16482K [0x00000000c0000000, 0x00000000c1f80000, 0x00000000c5200000)
  object space 32256K, 51% used [0x00000000c0000000,0x00000000c1018a40,0x00000000c1f80000)
}
Event: 13.082 GC heap before
{Heap before GC invocations=18 (full 2):
 PSYoungGen      total 306688K, used 6801K [0x00000000ec600000, 0x00000000fff80000, 0x0000000100000000)
  eden space 292352K, 0% used [0x00000000ec600000,0x00000000ec600000,0x00000000fe380000)
  from space 14336K, 47% used [0x00000000ff180000,0x00000000ff824518,0x00000000fff80000)
  to   space 14336K, 0% used [0x00000000fe380000,0x00000000fe380000,0x00000000ff180000)
 ParOldGen       total 81408K, used 59750K [0x00000000c5200000, 0x00000000ca180000, 0x00000000ec600000)
  object space 81408K, 73% used [0x00000000c5200000,0x00000000c8c59ae0,0x00000000ca180000)
 PSPermGen       total 32256K, used 16482K [0x00000000c0000000, 0x00000000c1f80000, 0x00000000c5200000)
  object space 32256K, 51% used [0x00000000c0000000,0x00000000c1018a40,0x00000000c1f80000)
Event: 13.496 GC heap after
Heap after GC invocations=18 (full 2):
 PSYoungGen      total 306688K, used 0K [0x00000000ec600000, 0x00000000fff80000, 0x0000000100000000)
  eden space 292352K, 0% used [0x00000000ec600000,0x00000000ec600000,0x00000000fe380000)
  from space 14336K, 0% used [0x00000000ff180000,0x00000000ff180000,0x00000000fff80000)
  to   space 14336K, 0% used [0x00000000fe380000,0x00000000fe380000,0x00000000ff180000)
 ParOldGen       total 97792K, used 47436K [0x00000000c5200000, 0x00000000cb180000, 0x00000000ec600000)
  object space 97792K, 48% used [0x00000000c5200000,0x00000000c80533e8,0x00000000cb180000)
 PSPermGen       total 36864K, used 16482K [0x00000000c0000000, 0x00000000c2400000, 0x00000000c5200000)
  object space 36864K, 44% used [0x00000000c0000000,0x00000000c1018940,0x00000000c2400000)
}
Event: 13.860 GC heap before
{Heap before GC invocations=19 (full 2):
 PSYoungGen      total 306688K, used 292352K [0x00000000ec600000, 0x00000000fff80000, 0x0000000100000000)
  eden space 292352K, 100% used [0x00000000ec600000,0x00000000fe380000,0x00000000fe380000)
  from space 14336K, 0% used [0x00000000ff180000,0x00000000ff180000,0x00000000fff80000)
  to   space 14336K, 0% used [0x00000000fe380000,0x00000000fe380000,0x00000000ff180000)
 ParOldGen       total 97792K, used 47436K [0x00000000c5200000, 0x00000000cb180000, 0x00000000ec600000)
  object space 97792K, 48% used [0x00000000c5200000,0x00000000c80533e8,0x00000000cb180000)
 PSPermGen       total 36864K, used 16482K [0x00000000c0000000, 0x00000000c2400000, 0x00000000c5200000)
  object space 36864K, 44% used [0x00000000c0000000,0x00000000c1018940,0x00000000c2400000)
Event: 13.885 GC heap after
Heap after GC invocations=19 (full 2):
 PSYoungGen      total 306688K, used 7168K [0x00000000ec600000, 0x00000000fff00000, 0x0000000100000000)
  eden space 292352K, 0% used [0x00000000ec600000,0x00000000ec600000,0x00000000fe380000)
  from space 14336K, 50% used [0x00000000fe380000,0x00000000fea80000,0x00000000ff180000)
  to   space 13824K, 0% used [0x00000000ff180000,0x00000000ff180000,0x00000000fff00000)
 ParOldGen       total 97792K, used 47436K [0x00000000c5200000, 0x00000000cb180000, 0x00000000ec600000)
  object space 97792K, 48% used [0x00000000c5200000,0x00000000c80533e8,0x00000000cb180000)
 PSPermGen       total 36864K, used 16482K [0x00000000c0000000, 0x00000000c2400000, 0x00000000c5200000)
  object space 36864K, 44% used [0x00000000c0000000,0x00000000c1018940,0x00000000c2400000)
}

