# JRE version: Java(TM) SE Runtime Environment (7.0_51-b13) (build 1.7.0_51-b13)
# Java VM: Java HotSpot(TM) 64-Bit Server VM (24.51-b03 mixed mode windows-amd64 compressed oops)
Heap
 PSYoungGen      total 286208K, used 105435K [0x00000000ec600000, 0x00000000ffb00000, 0x0000000100000000)
  eden space 260096K, 40% used [0x00000000ec600000,0x00000000f2cf6ce8,0x00000000fc400000)
  from space 26112K, 0% used [0x00000000fe180000,0x00000000fe180000,0x00000000ffb00000)
  to   space 28160K, 0% used [0x00000000fc400000,0x00000000fc400000,0x00000000fdf80000)
 ParOldGen       total 104960K, used 53204K [0x00000000c5200000, 0x00000000cb880000, 0x00000000ec600000)
  object space 104960K, 50% used [0x00000000c5200000,0x00000000c85f5220,0x00000000cb880000)
 PSPermGen       total 36864K, used 16778K [0x00000000c0000000, 0x00000000c2400000, 0x00000000c5200000)
  object space 36864K, 45% used [0x00000000c0000000,0x00000000c10628f8,0x00000000c2400000)
GC Heap History (10 events):
Event: 9.208 GC heap before
{Heap before GC invocations=16 (full 1):
 PSYoungGen      total 221696K, used 191509K [0x00000000ec600000, 0x00000000fc400000, 0x0000000100000000)
  eden space 189440K, 100% used [0x00000000ec600000,0x00000000f7f00000,0x00000000f7f00000)
  from space 32256K, 6% used [0x00000000fa480000,0x00000000fa6857a0,0x00000000fc400000)
  to   space 35328K, 0% used [0x00000000f7f00000,0x00000000f7f00000,0x00000000fa180000)
 ParOldGen       total 83968K, used 47767K [0x00000000c5200000, 0x00000000ca400000, 0x00000000ec600000)
  object space 83968K, 56% used [0x00000000c5200000,0x00000000c80a5c30,0x00000000ca400000)
 PSPermGen       total 32768K, used 16515K [0x00000000c0000000, 0x00000000c2000000, 0x00000000c5200000)
  object space 32768K, 50% used [0x00000000c0000000,0x00000000c1020f78,0x00000000c2000000)
Event: 9.226 GC heap after
Heap after GC invocations=16 (full 1):
 PSYoungGen      total 224768K, used 4956K [0x00000000ec600000, 0x00000000fff00000, 0x0000000100000000)
  eden space 189440K, 0% used [0x00000000ec600000,0x00000000ec600000,0x00000000f7f00000)
  from space 35328K, 14% used [0x00000000f7f00000,0x00000000f83d7180,0x00000000fa180000)
  to   space 33280K, 0% used [0x00000000fde80000,0x00000000fde80000,0x00000000fff00000)
 ParOldGen       total 83968K, used 49511K [0x00000000c5200000, 0x00000000ca400000, 0x00000000ec600000)
  object space 83968K, 58% used [0x00000000c5200000,0x00000000c8259c30,0x00000000ca400000)
 PSPermGen       total 32768K, used 16515K [0x00000000c0000000, 0x00000000c2000000, 0x00000000c5200000)
  object space 32768K, 50% used [0x00000000c0000000,0x00000000c1020f78,0x00000000c2000000)
}
Event: 9.437 GC heap before
{Heap before GC invocations=17 (full 1):
 PSYoungGen      total 224768K, used 194396K [0x00000000ec600000, 0x00000000fff00000, 0x0000000100000000)
  eden space 189440K, 100% used [0x00000000ec600000,0x00000000f7f00000,0x00000000f7f00000)
  from space 35328K, 14% used [0x00000000f7f00000,0x00000000f83d7180,0x00000000fa180000)
  to   space 33280K, 0% used [0x00000000fde80000,0x00000000fde80000,0x00000000fff00000)
 ParOldGen       total 83968K, used 49511K [0x00000000c5200000, 0x00000000ca400000, 0x00000000ec600000)
  object space 83968K, 58% used [0x00000000c5200000,0x00000000c8259c30,0x00000000ca400000)
 PSPermGen       total 32768K, used 16515K [0x00000000c0000000, 0x00000000c2000000, 0x00000000c5200000)
  object space 32768K, 50% used [0x00000000c0000000,0x00000000c1020f78,0x00000000c2000000)
Event: 9.455 GC heap after
Heap after GC invocations=17 (full 1):
 PSYoungGen      total 282112K, used 4981K [0x00000000ec600000, 0x00000000ffb00000, 0x0000000100000000)
  eden space 252928K, 0% used [0x00000000ec600000,0x00000000ec600000,0x00000000fbd00000)
  from space 29184K, 17% used [0x00000000fde80000,0x00000000fe35d7a0,0x00000000ffb00000)
  to   space 31744K, 0% used [0x00000000fbd00000,0x00000000fbd00000,0x00000000fdc00000)
 ParOldGen       total 83968K, used 54319K [0x00000000c5200000, 0x00000000ca400000, 0x00000000ec600000)
  object space 83968K, 64% used [0x00000000c5200000,0x00000000c870bf98,0x00000000ca400000)
 PSPermGen       total 32768K, used 16515K [0x00000000c0000000, 0x00000000c2000000, 0x00000000c5200000)
  object space 32768K, 50% used [0x00000000c0000000,0x00000000c1020f78,0x00000000c2000000)
}
Event: 9.751 GC heap before
{Heap before GC invocations=18 (full 1):
 PSYoungGen      total 282112K, used 257909K [0x00000000ec600000, 0x00000000ffb00000, 0x0000000100000000)
  eden space 252928K, 100% used [0x00000000ec600000,0x00000000fbd00000,0x00000000fbd00000)
  from space 29184K, 17% used [0x00000000fde80000,0x00000000fe35d7a0,0x00000000ffb00000)
  to   space 31744K, 0% used [0x00000000fbd00000,0x00000000fbd00000,0x00000000fdc00000)
 ParOldGen       total 83968K, used 54319K [0x00000000c5200000, 0x00000000ca400000, 0x00000000ec600000)
  object space 83968K, 64% used [0x00000000c5200000,0x00000000c870bf98,0x00000000ca400000)
 PSPermGen       total 32768K, used 16516K [0x00000000c0000000, 0x00000000c2000000, 0x00000000c5200000)
  object space 32768K, 50% used [0x00000000c0000000,0x00000000c1021028,0x00000000c2000000)
Event: 9.782 GC heap after
Heap after GC invocations=18 (full 1):
 PSYoungGen      total 284672K, used 6720K [0x00000000ec600000, 0x00000000ffe80000, 0x0000000100000000)
  eden space 252928K, 0% used [0x00000000ec600000,0x00000000ec600000,0x00000000fbd00000)
  from space 31744K, 21% used [0x00000000fbd00000,0x00000000fc390368,0x00000000fdc00000)
  to   space 29696K, 0% used [0x00000000fe180000,0x00000000fe180000,0x00000000ffe80000)
 ParOldGen       total 83968K, used 58999K [0x00000000c5200000, 0x00000000ca400000, 0x00000000ec600000)
  object space 83968K, 70% used [0x00000000c5200000,0x00000000c8b9df98,0x00000000ca400000)
 PSPermGen       total 32768K, used 16516K [0x00000000c0000000, 0x00000000c2000000, 0x00000000c5200000)
  object space 32768K, 50% used [0x00000000c0000000,0x00000000c1021028,0x00000000c2000000)
}
Event: 10.059 GC heap before
{Heap before GC invocations=19 (full 1):
 PSYoungGen      total 284672K, used 259648K [0x00000000ec600000, 0x00000000ffe80000, 0x0000000100000000)
  eden space 252928K, 100% used [0x00000000ec600000,0x00000000fbd00000,0x00000000fbd00000)
  from space 31744K, 21% used [0x00000000fbd00000,0x00000000fc390368,0x00000000fdc00000)
  to   space 29696K, 0% used [0x00000000fe180000,0x00000000fe180000,0x00000000ffe80000)
 ParOldGen       total 83968K, used 58999K [0x00000000c5200000, 0x00000000ca400000, 0x00000000ec600000)
  object space 83968K, 70% used [0x00000000c5200000,0x00000000c8b9df98,0x00000000ca400000)
 PSPermGen       total 32768K, used 16516K [0x00000000c0000000, 0x00000000c2000000, 0x00000000c5200000)
  object space 32768K, 50% used [0x00000000c0000000,0x00000000c1021028,0x00000000c2000000)
Event: 10.090 GC heap after
Heap after GC invocations=19 (full 1):
 PSYoungGen      total 286208K, used 6897K [0x00000000ec600000, 0x00000000ffb00000, 0x0000000100000000)
  eden space 260096K, 0% used [0x00000000ec600000,0x00000000ec600000,0x00000000fc400000)
  from space 26112K, 26% used [0x00000000fe180000,0x00000000fe83c518,0x00000000ffb00000)
  to   space 28160K, 0% used [0x00000000fc400000,0x00000000fc400000,0x00000000fdf80000)
 ParOldGen       total 83968K, used 65239K [0x00000000c5200000, 0x00000000ca400000, 0x00000000ec600000)
  object space 83968K, 77% used [0x00000000c5200000,0x00000000c91b5f98,0x00000000ca400000)
 PSPermGen       total 32768K, used 16516K [0x00000000c0000000, 0x00000000c2000000, 0x00000000c5200000)
  object space 32768K, 50% used [0x00000000c0000000,0x00000000c1021028,0x00000000c2000000)
}
Event: 10.090 GC heap before
{Heap before GC invocations=20 (full 2):
 PSYoungGen      total 286208K, used 6897K [0x00000000ec600000, 0x00000000ffb00000, 0x0000000100000000)
  eden space 260096K, 0% used [0x00000000ec600000,0x00000000ec600000,0x00000000fc400000)
  from space 26112K, 26% used [0x00000000fe180000,0x00000000fe83c518,0x00000000ffb00000)
  to   space 28160K, 0% used [0x00000000fc400000,0x00000000fc400000,0x00000000fdf80000)
 ParOldGen       total 83968K, used 65239K [0x00000000c5200000, 0x00000000ca400000, 0x00000000ec600000)
  object space 83968K, 77% used [0x00000000c5200000,0x00000000c91b5f98,0x00000000ca400000)
 PSPermGen       total 32768K, used 16516K [0x00000000c0000000, 0x00000000c2000000, 0x00000000c5200000)
  object space 32768K, 50% used [0x00000000c0000000,0x00000000c1021028,0x00000000c2000000)
Event: 10.611 GC heap after
Heap after GC invocations=20 (full 2):
 PSYoungGen      total 286208K, used 0K [0x00000000ec600000, 0x00000000ffb00000, 0x0000000100000000)
  eden space 260096K, 0% used [0x00000000ec600000,0x00000000ec600000,0x00000000fc400000)
  from space 26112K, 0% used [0x00000000fe180000,0x00000000fe180000,0x00000000ffb00000)
  to   space 28160K, 0% used [0x00000000fc400000,0x00000000fc400000,0x00000000fdf80000)
 ParOldGen       total 104960K, used 53204K [0x00000000c5200000, 0x00000000cb880000, 0x00000000ec600000)
  object space 104960K, 50% used [0x00000000c5200000,0x00000000c85f5220,0x00000000cb880000)
 PSPermGen       total 36864K, used 16515K [0x00000000c0000000, 0x00000000c2400000, 0x00000000c5200000)
  object space 36864K, 44% used [0x00000000c0000000,0x00000000c1020f08,0x00000000c2400000)
}

